<?xml version="1.0" encoding="UTF-8"?>
<testng-results skipped="0" failed="1" total="7" passed="6">
  <reporter-output>
  </reporter-output>
  <suite name="Suite" duration-ms="13014" started-at="2017-08-15T07:17:38Z" finished-at="2017-08-15T07:17:51Z">
    <groups>
    </groups>
    <test name="Test" duration-ms="13014" started-at="2017-08-15T07:17:38Z" finished-at="2017-08-15T07:17:51Z">
      <class name="com.mapsynq.testclass.TestMapsynq">
        <test-method status="PASS" signature="LaunchURL()[pri:0, instance:com.mapsynq.testclass.TestMapsynq@668bc3d5]" name="LaunchURL" duration-ms="8520" started-at="2017-08-15T12:47:38Z" finished-at="2017-08-15T12:47:47Z">
          <reporter-output>
          </reporter-output>
        </test-method> <!-- LaunchURL -->
        <test-method status="FAIL" signature="clickDirectiontab()[pri:0, instance:com.mapsynq.testclass.TestMapsynq@668bc3d5]" name="clickDirectiontab" duration-ms="941" started-at="2017-08-15T12:47:47Z" finished-at="2017-08-15T12:47:47Z">
          <exception class="java.lang.AssertionError">
            <message>
              <![CDATA[expected:<Clear Route> but was:<Clear Route1>]]>
            </message>
            <full-stacktrace>
              <![CDATA[java.lang.AssertionError: expected:<Clear Route> but was:<Clear Route1>
	at org.testng.AssertJUnit.assertEquals(AssertJUnit.java:101)
	at org.testng.AssertJUnit.assertEquals(AssertJUnit.java:108)
	at com.mapsynq.testclass.TestMapsynq.clickDirectiontab(TestMapsynq.java:88)
	at sun.reflect.NativeMethodAccessorImpl.invoke0(Native Method)
	at sun.reflect.NativeMethodAccessorImpl.invoke(NativeMethodAccessorImpl.java:62)
	at sun.reflect.DelegatingMethodAccessorImpl.invoke(DelegatingMethodAccessorImpl.java:43)
	at java.lang.reflect.Method.invoke(Method.java:498)
	at org.testng.internal.MethodInvocationHelper.invokeMethod(MethodInvocationHelper.java:80)
	at org.testng.internal.Invoker.invokeMethod(Invoker.java:714)
	at org.testng.internal.Invoker.invokeTestMethod(Invoker.java:901)
	at org.testng.internal.Invoker.invokeTestMethods(Invoker.java:1231)
	at org.testng.internal.TestMethodWorker.invokeTestMethods(TestMethodWorker.java:127)
	at org.testng.internal.TestMethodWorker.run(TestMethodWorker.java:111)
	at org.testng.TestRunner.privateRun(TestRunner.java:767)
	at org.testng.TestRunner.run(TestRunner.java:617)
	at org.testng.SuiteRunner.runTest(SuiteRunner.java:334)
	at org.testng.SuiteRunner.runSequentially(SuiteRunner.java:329)
	at org.testng.SuiteRunner.privateRun(SuiteRunner.java:291)
	at org.testng.SuiteRunner.run(SuiteRunner.java:240)
	at org.testng.SuiteRunnerWorker.runSuite(SuiteRunnerWorker.java:52)
	at org.testng.SuiteRunnerWorker.run(SuiteRunnerWorker.java:86)
	at org.testng.TestNG.runSuitesSequentially(TestNG.java:1198)
	at org.testng.TestNG.runSuitesLocally(TestNG.java:1123)
	at org.testng.TestNG.run(TestNG.java:1031)
	at org.apache.maven.surefire.testng.TestNGExecutor.run(TestNGExecutor.java:178)
	at org.apache.maven.surefire.testng.TestNGXmlTestSuite.execute(TestNGXmlTestSuite.java:92)
	at org.apache.maven.surefire.testng.TestNGProvider.invoke(TestNGProvider.java:96)
	at sun.reflect.NativeMethodAccessorImpl.invoke0(Native Method)
	at sun.reflect.NativeMethodAccessorImpl.invoke(NativeMethodAccessorImpl.java:62)
	at sun.reflect.DelegatingMethodAccessorImpl.invoke(DelegatingMethodAccessorImpl.java:43)
	at java.lang.reflect.Method.invoke(Method.java:498)
	at org.apache.maven.surefire.util.ReflectionUtils.invokeMethodWithArray2(ReflectionUtils.java:208)
	at org.apache.maven.surefire.booter.ProviderFactory$ProviderProxy.invoke(ProviderFactory.java:159)
	at org.apache.maven.surefire.booter.ProviderFactory.invokeProvider(ProviderFactory.java:87)
	at org.apache.maven.surefire.booter.ForkedBooter.runSuitesInProcess(ForkedBooter.java:153)
	at org.apache.maven.surefire.booter.ForkedBooter.main(ForkedBooter.java:95)
]]>
            </full-stacktrace>
          </exception> <!-- java.lang.AssertionError -->
          <reporter-output>
          </reporter-output>
        </test-method> <!-- clickDirectiontab -->
        <test-method status="PASS" signature="testClearRoute()[pri:0, instance:com.mapsynq.testclass.TestMapsynq@668bc3d5]" name="testClearRoute" duration-ms="136" started-at="2017-08-15T12:47:49Z" finished-at="2017-08-15T12:47:49Z">
          <reporter-output>
          </reporter-output>
        </test-method> <!-- testClearRoute -->
        <test-method status="PASS" signature="testTraficAwareRoute()[pri:0, instance:com.mapsynq.testclass.TestMapsynq@668bc3d5]" name="testTraficAwareRoute" duration-ms="1721" started-at="2017-08-15T12:47:49Z" finished-at="2017-08-15T12:47:50Z">
          <reporter-output>
          </reporter-output>
        </test-method> <!-- testTraficAwareRoute -->
        <test-method status="PASS" signature="TestTollAwareRoute()[pri:0, instance:com.mapsynq.testclass.TestMapsynq@668bc3d5]" name="TestTollAwareRoute" duration-ms="204" started-at="2017-08-15T12:47:50Z" finished-at="2017-08-15T12:47:51Z">
          <reporter-output>
          </reporter-output>
        </test-method> <!-- TestTollAwareRoute -->
        <test-method status="PASS" signature="TestFatestRoute()[pri:0, instance:com.mapsynq.testclass.TestMapsynq@668bc3d5]" name="TestFatestRoute" duration-ms="178" started-at="2017-08-15T12:47:51Z" finished-at="2017-08-15T12:47:51Z">
          <reporter-output>
          </reporter-output>
        </test-method> <!-- TestFatestRoute -->
        <test-method status="PASS" signature="TestShortestRoute()[pri:0, instance:com.mapsynq.testclass.TestMapsynq@668bc3d5]" name="TestShortestRoute" duration-ms="172" started-at="2017-08-15T12:47:51Z" finished-at="2017-08-15T12:47:51Z">
          <reporter-output>
          </reporter-output>
        </test-method> <!-- TestShortestRoute -->
      </class> <!-- com.mapsynq.testclass.TestMapsynq -->
    </test> <!-- Test -->
  </suite> <!-- Suite -->
</testng-results>
